2022-04-06 17:27:45,844 [Worker-2: Loading available Gradle versions] INFO  o.e.b.c.i.u.g.PublishedGradleVersions - Gradle version information cache is up-to-date. Trying to read.
2022-04-06 17:31:06,340 [Worker-3: Update Maven projects configuration] INFO  o.e.m.c.i.p.ProjectConfigurationManager - Update started
2022-04-06 17:31:09,375 [Worker-3: Update Maven projects configuration] INFO  o.e.m.c.i.l.LifecycleMappingFactory - Using org.maven.ide.eclipse.wtp.WarLifecycleMapping lifecycle mapping for MavenProject: com.medeil:MedeilBoot:0.0.1-SNAPSHOT @ E:\Mymedecine\mymedicine-medeilcloud-hq-boot\medeil\pom.xml.
2022-04-06 17:31:10,660 [Worker-3: Update Maven projects configuration] WARN  o.e.m.c.i.embedder.EclipseLogger - The artifact org.apache.commons:commons-io:jar:1.3.2 has been relocated to commons-io:commons-io:jar:1.3.2
2022-04-06 17:31:15,220 [Worker-3: Update Maven projects configuration] INFO  o.e.m.j.i.AbstractJavaProjectConfigurator - Adding source folder /medeil/src/main/java
2022-04-06 17:31:15,220 [Worker-3: Update Maven projects configuration] INFO  o.e.m.j.i.AbstractJavaProjectConfigurator - Adding resource folder /medeil/src/main/resources
2022-04-06 17:31:15,229 [Worker-3: Update Maven projects configuration] INFO  o.e.m.j.i.AbstractJavaProjectConfigurator - Adding resource folder /medeil/src/main/resources
2022-04-06 17:31:15,247 [Worker-3: Update Maven projects configuration] INFO  o.e.m.j.i.AbstractJavaProjectConfigurator - Adding source folder /medeil/src/test/java
2022-04-06 17:31:36,694 [Worker-13: Building] WARN  o.e.m.c.i.embedder.EclipseLogger - The artifact org.apache.commons:commons-io:jar:1.3.2 has been relocated to commons-io:commons-io:jar:1.3.2
2022-04-06 17:31:36,910 [Worker-13: Building] INFO  o.e.m.c.i.embedder.EclipseLogger - Using 'UTF-8' encoding to copy filtered resources.
2022-04-06 17:31:36,910 [Worker-13: Building] INFO  o.e.m.c.i.embedder.EclipseLogger - skip non existing resourceDirectory E:\Mymedecine\mymedicine-medeilcloud-hq-boot\medeil\..\Angular\dist
2022-04-06 17:31:36,916 [Worker-13: Building] INFO  o.e.m.c.i.embedder.EclipseLogger - Using 'UTF-8' encoding to copy filtered resources.
2022-04-06 17:31:36,923 [Worker-13: Building] INFO  o.e.m.c.i.embedder.EclipseLogger - Copying 1 resource
2022-04-06 17:31:36,962 [Worker-13: Building] INFO  o.e.m.c.i.embedder.EclipseLogger - Copying 2 resources
2022-04-06 17:31:36,998 [Worker-13: Building] INFO  o.e.m.c.i.embedder.EclipseLogger - Using 'UTF-8' encoding to copy filtered resources.
2022-04-06 17:31:36,998 [Worker-13: Building] INFO  o.e.m.c.i.embedder.EclipseLogger - skip non existing resourceDirectory E:\Mymedecine\mymedicine-medeilcloud-hq-boot\medeil\src\test\resources
2022-04-06 17:31:45,739 [Worker-3: Update Maven projects configuration] WARN  o.e.m.c.i.embedder.EclipseLogger - The artifact org.apache.commons:commons-io:jar:1.3.2 has been relocated to commons-io:commons-io:jar:1.3.2
2022-04-06 17:31:46,004 [Worker-3: Update Maven projects configuration] INFO  o.e.m.c.i.p.ProjectConfigurationManager - Update completed: 39 sec
2022-04-06 17:31:49,285 [Worker-10: Building] INFO  o.e.m.c.i.embedder.EclipseLogger - Using 'UTF-8' encoding to copy filtered resources.
2022-04-06 17:31:49,285 [Worker-10: Building] INFO  o.e.m.c.i.embedder.EclipseLogger - skip non existing resourceDirectory E:\Mymedecine\mymedicine-medeilcloud-hq-boot\medeil\..\Angular\dist
2022-04-06 17:31:49,288 [Worker-10: Building] INFO  o.e.m.c.i.embedder.EclipseLogger - Using 'UTF-8' encoding to copy filtered resources.
2022-04-06 17:31:49,295 [Worker-10: Building] INFO  o.e.m.c.i.embedder.EclipseLogger - Copying 1 resource
2022-04-06 17:31:49,299 [Worker-10: Building] INFO  o.e.m.c.i.embedder.EclipseLogger - Copying 2 resources
2022-04-06 17:31:49,314 [Worker-10: Building] INFO  o.e.m.c.i.embedder.EclipseLogger - Using 'UTF-8' encoding to copy filtered resources.
2022-04-06 17:31:49,314 [Worker-10: Building] INFO  o.e.m.c.i.embedder.EclipseLogger - skip non existing resourceDirectory E:\Mymedecine\mymedicine-medeilcloud-hq-boot\medeil\src\test\resources
2022-04-06 17:39:59,151 [Worker-1: Launching medeil - MedApplication] INFO  o.e.m.c.i.embedder.EclipseLogger - Using 'UTF-8' encoding to copy filtered resources.
2022-04-06 17:39:59,190 [Worker-1: Launching medeil - MedApplication] INFO  o.e.m.c.i.embedder.EclipseLogger - skip non existing resourceDirectory E:\Mymedecine\mymedicine-medeilcloud-hq-boot\medeil\..\Angular\dist
2022-04-06 17:39:59,196 [Worker-1: Launching medeil - MedApplication] INFO  o.e.m.c.i.embedder.EclipseLogger - Using 'UTF-8' encoding to copy filtered resources.
2022-04-06 17:39:59,197 [Worker-1: Launching medeil - MedApplication] INFO  o.e.m.c.i.embedder.EclipseLogger - Copying 1 resource
2022-04-06 17:39:59,214 [Worker-1: Launching medeil - MedApplication] INFO  o.e.m.c.i.embedder.EclipseLogger - Copying 2 resources
2022-04-06 17:39:59,232 [Worker-1: Launching medeil - MedApplication] INFO  o.e.m.c.i.embedder.EclipseLogger - Using 'UTF-8' encoding to copy filtered resources.
2022-04-06 17:39:59,232 [Worker-1: Launching medeil - MedApplication] INFO  o.e.m.c.i.embedder.EclipseLogger - skip non existing resourceDirectory E:\Mymedecine\mymedicine-medeilcloud-hq-boot\medeil\src\test\resources
2022-04-06 17:44:26,053 [Worker-12: Building] INFO  o.e.m.c.i.embedder.EclipseLogger - Using 'UTF-8' encoding to copy filtered resources.
2022-04-06 17:44:26,053 [Worker-12: Building] INFO  o.e.m.c.i.embedder.EclipseLogger - skip non existing resourceDirectory E:\Mymedecine\mymedicine-medeilcloud-hq-boot\medeil\..\Angular\dist
2022-04-06 17:44:26,057 [Worker-12: Building] INFO  o.e.m.c.i.embedder.EclipseLogger - Using 'UTF-8' encoding to copy filtered resources.
2022-04-06 17:44:26,058 [Worker-12: Building] INFO  o.e.m.c.i.embedder.EclipseLogger - Copying 1 resource
2022-04-06 17:44:26,063 [Worker-12: Building] INFO  o.e.m.c.i.embedder.EclipseLogger - Copying 2 resources
2022-04-06 17:44:26,067 [Worker-12: Building] INFO  o.e.m.c.i.embedder.EclipseLogger - Using 'UTF-8' encoding to copy filtered resources.
2022-04-06 17:44:26,067 [Worker-12: Building] INFO  o.e.m.c.i.embedder.EclipseLogger - skip non existing resourceDirectory E:\Mymedecine\mymedicine-medeilcloud-hq-boot\medeil\src\test\resources
2022-04-06 17:45:16,012 [Worker-14: Building] INFO  o.e.m.c.i.embedder.EclipseLogger - Using 'UTF-8' encoding to copy filtered resources.
2022-04-06 17:45:16,013 [Worker-14: Building] INFO  o.e.m.c.i.embedder.EclipseLogger - skip non existing resourceDirectory E:\Mymedecine\mymedicine-medeilcloud-hq-boot\medeil\..\Angular\dist
2022-04-06 17:45:16,017 [Worker-14: Building] INFO  o.e.m.c.i.embedder.EclipseLogger - Using 'UTF-8' encoding to copy filtered resources.
2022-04-06 17:45:16,018 [Worker-14: Building] INFO  o.e.m.c.i.embedder.EclipseLogger - Copying 1 resource
2022-04-06 17:45:16,050 [Worker-14: Building] INFO  o.e.m.c.i.embedder.EclipseLogger - Copying 2 resources
2022-04-06 17:45:16,054 [Worker-14: Building] INFO  o.e.m.c.i.embedder.EclipseLogger - Using 'UTF-8' encoding to copy filtered resources.
2022-04-06 17:45:16,054 [Worker-14: Building] INFO  o.e.m.c.i.embedder.EclipseLogger - skip non existing resourceDirectory E:\Mymedecine\mymedicine-medeilcloud-hq-boot\medeil\src\test\resources
2022-04-06 17:45:36,382 [Worker-15: Building] INFO  o.e.m.c.i.embedder.EclipseLogger - Using 'UTF-8' encoding to copy filtered resources.
2022-04-06 17:45:36,382 [Worker-15: Building] INFO  o.e.m.c.i.embedder.EclipseLogger - skip non existing resourceDirectory E:\Mymedecine\mymedicine-medeilcloud-hq-boot\medeil\..\Angular\dist
2022-04-06 17:45:36,385 [Worker-15: Building] INFO  o.e.m.c.i.embedder.EclipseLogger - Using 'UTF-8' encoding to copy filtered resources.
2022-04-06 17:45:36,386 [Worker-15: Building] INFO  o.e.m.c.i.embedder.EclipseLogger - Copying 1 resource
2022-04-06 17:45:36,390 [Worker-15: Building] INFO  o.e.m.c.i.embedder.EclipseLogger - Copying 2 resources
2022-04-06 17:45:36,394 [Worker-15: Building] INFO  o.e.m.c.i.embedder.EclipseLogger - Using 'UTF-8' encoding to copy filtered resources.
2022-04-06 17:45:36,395 [Worker-15: Building] INFO  o.e.m.c.i.embedder.EclipseLogger - skip non existing resourceDirectory E:\Mymedecine\mymedicine-medeilcloud-hq-boot\medeil\src\test\resources
2022-04-06 17:58:32,633 [Worker-19: Building] INFO  o.e.m.c.i.embedder.EclipseLogger - Using 'UTF-8' encoding to copy filtered resources.
2022-04-06 17:58:32,633 [Worker-19: Building] INFO  o.e.m.c.i.embedder.EclipseLogger - skip non existing resourceDirectory E:\Mymedecine\mymedicine-medeilcloud-hq-boot\medeil\..\Angular\dist
2022-04-06 17:58:32,636 [Worker-19: Building] INFO  o.e.m.c.i.embedder.EclipseLogger - Using 'UTF-8' encoding to copy filtered resources.
2022-04-06 17:58:32,638 [Worker-19: Building] INFO  o.e.m.c.i.embedder.EclipseLogger - Copying 1 resource
2022-04-06 17:58:32,641 [Worker-19: Building] INFO  o.e.m.c.i.embedder.EclipseLogger - Copying 2 resources
2022-04-06 17:58:32,645 [Worker-19: Building] INFO  o.e.m.c.i.embedder.EclipseLogger - Using 'UTF-8' encoding to copy filtered resources.
2022-04-06 17:58:32,645 [Worker-19: Building] INFO  o.e.m.c.i.embedder.EclipseLogger - skip non existing resourceDirectory E:\Mymedecine\mymedicine-medeilcloud-hq-boot\medeil\src\test\resources
2022-04-06 17:58:37,858 [Worker-17: Building] INFO  o.e.m.c.i.embedder.EclipseLogger - Using 'UTF-8' encoding to copy filtered resources.
2022-04-06 17:58:37,859 [Worker-17: Building] INFO  o.e.m.c.i.embedder.EclipseLogger - skip non existing resourceDirectory E:\Mymedecine\mymedicine-medeilcloud-hq-boot\medeil\..\Angular\dist
2022-04-06 17:58:37,862 [Worker-17: Building] INFO  o.e.m.c.i.embedder.EclipseLogger - Using 'UTF-8' encoding to copy filtered resources.
2022-04-06 17:58:37,863 [Worker-17: Building] INFO  o.e.m.c.i.embedder.EclipseLogger - Copying 1 resource
2022-04-06 17:58:37,866 [Worker-17: Building] INFO  o.e.m.c.i.embedder.EclipseLogger - Copying 2 resources
2022-04-06 17:58:37,870 [Worker-17: Building] INFO  o.e.m.c.i.embedder.EclipseLogger - Using 'UTF-8' encoding to copy filtered resources.
2022-04-06 17:58:37,870 [Worker-17: Building] INFO  o.e.m.c.i.embedder.EclipseLogger - skip non existing resourceDirectory E:\Mymedecine\mymedicine-medeilcloud-hq-boot\medeil\src\test\resources
2022-04-06 17:58:56,542 [Worker-1: Building] INFO  o.e.m.c.i.embedder.EclipseLogger - Using 'UTF-8' encoding to copy filtered resources.
2022-04-06 17:58:56,542 [Worker-1: Building] INFO  o.e.m.c.i.embedder.EclipseLogger - skip non existing resourceDirectory E:\Mymedecine\mymedicine-medeilcloud-hq-boot\medeil\..\Angular\dist
2022-04-06 17:58:56,546 [Worker-1: Building] INFO  o.e.m.c.i.embedder.EclipseLogger - Using 'UTF-8' encoding to copy filtered resources.
2022-04-06 17:58:56,547 [Worker-1: Building] INFO  o.e.m.c.i.embedder.EclipseLogger - Copying 1 resource
2022-04-06 17:58:56,550 [Worker-1: Building] INFO  o.e.m.c.i.embedder.EclipseLogger - Copying 2 resources
2022-04-06 17:58:56,554 [Worker-1: Building] INFO  o.e.m.c.i.embedder.EclipseLogger - Using 'UTF-8' encoding to copy filtered resources.
2022-04-06 17:58:56,555 [Worker-1: Building] INFO  o.e.m.c.i.embedder.EclipseLogger - skip non existing resourceDirectory E:\Mymedecine\mymedicine-medeilcloud-hq-boot\medeil\src\test\resources
2022-04-06 18:03:35,167 [Worker-20: Building] INFO  o.e.m.c.i.embedder.EclipseLogger - Using 'UTF-8' encoding to copy filtered resources.
2022-04-06 18:03:35,167 [Worker-20: Building] INFO  o.e.m.c.i.embedder.EclipseLogger - skip non existing resourceDirectory E:\Mymedecine\mymedicine-medeilcloud-hq-boot\medeil\..\Angular\dist
2022-04-06 18:03:35,170 [Worker-20: Building] INFO  o.e.m.c.i.embedder.EclipseLogger - Using 'UTF-8' encoding to copy filtered resources.
2022-04-06 18:03:35,171 [Worker-20: Building] INFO  o.e.m.c.i.embedder.EclipseLogger - Copying 1 resource
2022-04-06 18:03:35,174 [Worker-20: Building] INFO  o.e.m.c.i.embedder.EclipseLogger - Copying 2 resources
2022-04-06 18:03:35,197 [Worker-20: Building] INFO  o.e.m.c.i.embedder.EclipseLogger - Using 'UTF-8' encoding to copy filtered resources.
2022-04-06 18:03:35,197 [Worker-20: Building] INFO  o.e.m.c.i.embedder.EclipseLogger - skip non existing resourceDirectory E:\Mymedecine\mymedicine-medeilcloud-hq-boot\medeil\src\test\resources
2022-04-06 18:04:07,050 [main] INFO  o.e.m2e.actions.ExecutePomAction - Creating new launch configuration
2022-04-06 18:04:20,086 [Worker-14: Launching medeil] INFO  o.e.m.i.launch.MavenLaunchDelegate - E:\Mymedecine\mymedicine-medeilcloud-hq-boot\medeil
2022-04-06 18:04:20,099 [Worker-14: Launching medeil] INFO  o.e.m.i.launch.MavenLaunchDelegate -  mvn -B clean install -Dstyle.color=always
2022-04-06 18:05:28,463 [Worker-17: Building] INFO  o.e.m.c.i.embedder.EclipseLogger - Using 'UTF-8' encoding to copy filtered resources.
2022-04-06 18:05:28,463 [Worker-17: Building] INFO  o.e.m.c.i.embedder.EclipseLogger - skip non existing resourceDirectory E:\Mymedecine\mymedicine-medeilcloud-hq-boot\medeil\..\Angular\dist
2022-04-06 18:05:28,466 [Worker-17: Building] INFO  o.e.m.c.i.embedder.EclipseLogger - Using 'UTF-8' encoding to copy filtered resources.
2022-04-06 18:05:28,467 [Worker-17: Building] INFO  o.e.m.c.i.embedder.EclipseLogger - Copying 1 resource
2022-04-06 18:05:28,469 [Worker-17: Building] INFO  o.e.m.c.i.embedder.EclipseLogger - Copying 2 resources
2022-04-06 18:05:28,474 [Worker-17: Building] INFO  o.e.m.c.i.embedder.EclipseLogger - Using 'UTF-8' encoding to copy filtered resources.
2022-04-06 18:05:28,475 [Worker-17: Building] INFO  o.e.m.c.i.embedder.EclipseLogger - skip non existing resourceDirectory E:\Mymedecine\mymedicine-medeilcloud-hq-boot\medeil\src\test\resources
2022-04-06 18:05:28,490 [Worker-17: Building] INFO  o.e.m.w.i.f.ResourceFilteringBuildParticipant - Changed resources require a complete clean of filtered resources of medeil
2022-04-06 18:05:28,497 [Worker-17: Building] INFO  o.e.m.w.i.f.ResourceFilteringBuildParticipant - Executing resource filtering for medeil
2022-04-06 18:05:28,506 [Worker-17: Building] INFO  o.e.m.c.i.embedder.EclipseLogger - Using 'UTF-8' encoding to copy filtered resources.
2022-04-06 18:30:42,764 [Worker-30: Building] INFO  o.e.m.c.i.embedder.EclipseLogger - Using 'UTF-8' encoding to copy filtered resources.
2022-04-06 18:30:42,765 [Worker-30: Building] INFO  o.e.m.c.i.embedder.EclipseLogger - skip non existing resourceDirectory E:\Mymedecine\mymedicine-medeilcloud-hq-boot\medeil\..\Angular\dist
2022-04-06 18:30:42,776 [Worker-30: Building] INFO  o.e.m.c.i.embedder.EclipseLogger - Using 'UTF-8' encoding to copy filtered resources.
2022-04-06 18:30:42,777 [Worker-30: Building] INFO  o.e.m.c.i.embedder.EclipseLogger - Copying 1 resource
2022-04-06 18:30:42,780 [Worker-30: Building] INFO  o.e.m.c.i.embedder.EclipseLogger - Copying 2 resources
2022-04-06 18:30:42,784 [Worker-30: Building] INFO  o.e.m.c.i.embedder.EclipseLogger - Using 'UTF-8' encoding to copy filtered resources.
2022-04-06 18:30:42,784 [Worker-30: Building] INFO  o.e.m.c.i.embedder.EclipseLogger - skip non existing resourceDirectory E:\Mymedecine\mymedicine-medeilcloud-hq-boot\medeil\src\test\resources
2022-04-06 18:34:58,526 [Worker-30: Building] INFO  o.e.m.c.i.embedder.EclipseLogger - Using 'UTF-8' encoding to copy filtered resources.
2022-04-06 18:34:58,527 [Worker-30: Building] INFO  o.e.m.c.i.embedder.EclipseLogger - skip non existing resourceDirectory E:\Mymedecine\mymedicine-medeilcloud-hq-boot\medeil\..\Angular\dist
2022-04-06 18:34:58,530 [Worker-30: Building] INFO  o.e.m.c.i.embedder.EclipseLogger - Using 'UTF-8' encoding to copy filtered resources.
2022-04-06 18:34:58,531 [Worker-30: Building] INFO  o.e.m.c.i.embedder.EclipseLogger - Copying 1 resource
2022-04-06 18:34:58,545 [Worker-30: Building] INFO  o.e.m.c.i.embedder.EclipseLogger - Copying 2 resources
2022-04-06 18:34:58,551 [Worker-30: Building] INFO  o.e.m.c.i.embedder.EclipseLogger - Using 'UTF-8' encoding to copy filtered resources.
2022-04-06 18:34:58,551 [Worker-30: Building] INFO  o.e.m.c.i.embedder.EclipseLogger - skip non existing resourceDirectory E:\Mymedecine\mymedicine-medeilcloud-hq-boot\medeil\src\test\resources
2022-04-21 10:33:20,027 [Worker-2: Loading available Gradle versions] INFO  o.e.b.c.i.u.g.PublishedGradleVersions - Gradle version information cache is up-to-date. Trying to read.
2022-04-22 10:54:02,085 [Worker-2: Loading available Gradle versions] INFO  o.e.b.c.i.u.g.PublishedGradleVersions - Gradle version information cache is out-of-date. Trying to update.
2022-04-22 11:17:18,020 [Worker-18: Building] WARN  o.e.m.c.i.embedder.EclipseLogger - The artifact org.apache.commons:commons-io:jar:1.3.2 has been relocated to commons-io:commons-io:jar:1.3.2
2022-04-22 11:17:21,696 [Worker-18: Building] INFO  o.e.m.c.i.embedder.EclipseLogger - Using 'UTF-8' encoding to copy filtered resources.
2022-04-22 11:17:21,712 [Worker-18: Building] INFO  o.e.m.c.i.embedder.EclipseLogger - skip non existing resourceDirectory E:\Mymedecine\mymedicine-medeilcloud-hq-boot\medeil\..\Angular\dist
2022-04-22 11:17:21,717 [Worker-18: Building] INFO  o.e.m.c.i.embedder.EclipseLogger - Using 'UTF-8' encoding to copy filtered resources.
2022-04-22 11:17:21,726 [Worker-18: Building] INFO  o.e.m.c.i.embedder.EclipseLogger - Copying 1 resource
2022-04-22 11:17:21,761 [Worker-18: Building] INFO  o.e.m.c.i.embedder.EclipseLogger - Copying 2 resources
2022-04-22 11:17:21,831 [Worker-18: Building] INFO  o.e.m.c.i.embedder.EclipseLogger - Using 'UTF-8' encoding to copy filtered resources.
2022-04-22 11:17:21,832 [Worker-18: Building] INFO  o.e.m.c.i.embedder.EclipseLogger - skip non existing resourceDirectory E:\Mymedecine\mymedicine-medeilcloud-hq-boot\medeil\src\test\resources
2022-04-22 11:18:01,384 [Worker-16: Launching medeil - MedApplication] INFO  o.e.m.c.i.embedder.EclipseLogger - Using 'UTF-8' encoding to copy filtered resources.
2022-04-22 11:18:01,384 [Worker-16: Launching medeil - MedApplication] INFO  o.e.m.c.i.embedder.EclipseLogger - skip non existing resourceDirectory E:\Mymedecine\mymedicine-medeilcloud-hq-boot\medeil\..\Angular\dist
2022-04-22 11:18:01,391 [Worker-16: Launching medeil - MedApplication] INFO  o.e.m.c.i.embedder.EclipseLogger - Using 'UTF-8' encoding to copy filtered resources.
2022-04-22 11:18:01,402 [Worker-16: Launching medeil - MedApplication] INFO  o.e.m.c.i.embedder.EclipseLogger - Copying 0 resource
2022-04-22 11:18:01,402 [Worker-16: Launching medeil - MedApplication] INFO  o.e.m.c.i.embedder.EclipseLogger - Copying 0 resource
2022-04-22 11:18:01,407 [Worker-16: Launching medeil - MedApplication] INFO  o.e.m.c.i.embedder.EclipseLogger - Using 'UTF-8' encoding to copy filtered resources.
2022-04-22 11:18:01,412 [Worker-16: Launching medeil - MedApplication] INFO  o.e.m.c.i.embedder.EclipseLogger - skip non existing resourceDirectory E:\Mymedecine\mymedicine-medeilcloud-hq-boot\medeil\src\test\resources
2022-04-22 12:24:35,292 [Worker-33: Launching medeil - MedApplication] INFO  o.e.m.c.i.embedder.EclipseLogger - Using 'UTF-8' encoding to copy filtered resources.
2022-04-22 12:24:35,292 [Worker-33: Launching medeil - MedApplication] INFO  o.e.m.c.i.embedder.EclipseLogger - skip non existing resourceDirectory E:\Mymedecine\mymedicine-medeilcloud-hq-boot\medeil\..\Angular\dist
2022-04-22 12:24:35,296 [Worker-33: Launching medeil - MedApplication] INFO  o.e.m.c.i.embedder.EclipseLogger - Using 'UTF-8' encoding to copy filtered resources.
2022-04-22 12:24:35,300 [Worker-33: Launching medeil - MedApplication] INFO  o.e.m.c.i.embedder.EclipseLogger - Copying 1 resource
2022-04-22 12:24:35,305 [Worker-33: Launching medeil - MedApplication] INFO  o.e.m.c.i.embedder.EclipseLogger - Copying 2 resources
2022-04-22 12:24:35,309 [Worker-33: Launching medeil - MedApplication] INFO  o.e.m.c.i.embedder.EclipseLogger - Using 'UTF-8' encoding to copy filtered resources.
2022-04-22 12:24:35,309 [Worker-33: Launching medeil - MedApplication] INFO  o.e.m.c.i.embedder.EclipseLogger - skip non existing resourceDirectory E:\Mymedecine\mymedicine-medeilcloud-hq-boot\medeil\src\test\resources
2022-04-22 12:28:10,665 [Worker-34: Launching medeil - MedApplication] INFO  o.e.m.c.i.embedder.EclipseLogger - Using 'UTF-8' encoding to copy filtered resources.
2022-04-22 12:28:10,666 [Worker-34: Launching medeil - MedApplication] INFO  o.e.m.c.i.embedder.EclipseLogger - skip non existing resourceDirectory E:\Mymedecine\mymedicine-medeilcloud-hq-boot\medeil\..\Angular\dist
2022-04-22 12:28:10,670 [Worker-34: Launching medeil - MedApplication] INFO  o.e.m.c.i.embedder.EclipseLogger - Using 'UTF-8' encoding to copy filtered resources.
2022-04-22 12:28:10,671 [Worker-34: Launching medeil - MedApplication] INFO  o.e.m.c.i.embedder.EclipseLogger - Copying 1 resource
2022-04-22 12:28:10,675 [Worker-34: Launching medeil - MedApplication] INFO  o.e.m.c.i.embedder.EclipseLogger - Copying 2 resources
2022-04-22 12:28:10,680 [Worker-34: Launching medeil - MedApplication] INFO  o.e.m.c.i.embedder.EclipseLogger - Using 'UTF-8' encoding to copy filtered resources.
2022-04-22 12:28:10,680 [Worker-34: Launching medeil - MedApplication] INFO  o.e.m.c.i.embedder.EclipseLogger - skip non existing resourceDirectory E:\Mymedecine\mymedicine-medeilcloud-hq-boot\medeil\src\test\resources
2022-04-22 12:38:24,837 [Worker-39: Launching medeil - MedApplication] INFO  o.e.m.c.i.embedder.EclipseLogger - Using 'UTF-8' encoding to copy filtered resources.
2022-04-22 12:38:24,837 [Worker-39: Launching medeil - MedApplication] INFO  o.e.m.c.i.embedder.EclipseLogger - skip non existing resourceDirectory E:\Mymedecine\mymedicine-medeilcloud-hq-boot\medeil\..\Angular\dist
2022-04-22 12:38:24,877 [Worker-39: Launching medeil - MedApplication] INFO  o.e.m.c.i.embedder.EclipseLogger - Using 'UTF-8' encoding to copy filtered resources.
2022-04-22 12:38:24,880 [Worker-39: Launching medeil - MedApplication] INFO  o.e.m.c.i.embedder.EclipseLogger - Copying 1 resource
2022-04-22 12:38:24,884 [Worker-39: Launching medeil - MedApplication] INFO  o.e.m.c.i.embedder.EclipseLogger - Copying 2 resources
2022-04-22 12:38:24,889 [Worker-39: Launching medeil - MedApplication] INFO  o.e.m.c.i.embedder.EclipseLogger - Using 'UTF-8' encoding to copy filtered resources.
2022-04-22 12:38:24,889 [Worker-39: Launching medeil - MedApplication] INFO  o.e.m.c.i.embedder.EclipseLogger - skip non existing resourceDirectory E:\Mymedecine\mymedicine-medeilcloud-hq-boot\medeil\src\test\resources
2022-04-22 12:52:12,443 [Worker-40: Launching medeil - MedApplication] INFO  o.e.m.c.i.embedder.EclipseLogger - Using 'UTF-8' encoding to copy filtered resources.
2022-04-22 12:52:12,443 [Worker-40: Launching medeil - MedApplication] INFO  o.e.m.c.i.embedder.EclipseLogger - skip non existing resourceDirectory E:\Mymedecine\mymedicine-medeilcloud-hq-boot\medeil\..\Angular\dist
2022-04-22 12:52:12,468 [Worker-40: Launching medeil - MedApplication] INFO  o.e.m.c.i.embedder.EclipseLogger - Using 'UTF-8' encoding to copy filtered resources.
2022-04-22 12:52:12,469 [Worker-40: Launching medeil - MedApplication] INFO  o.e.m.c.i.embedder.EclipseLogger - Copying 1 resource
2022-04-22 12:52:12,478 [Worker-40: Launching medeil - MedApplication] INFO  o.e.m.c.i.embedder.EclipseLogger - Copying 2 resources
2022-04-22 12:52:12,482 [Worker-40: Launching medeil - MedApplication] INFO  o.e.m.c.i.embedder.EclipseLogger - Using 'UTF-8' encoding to copy filtered resources.
2022-04-22 12:52:12,482 [Worker-40: Launching medeil - MedApplication] INFO  o.e.m.c.i.embedder.EclipseLogger - skip non existing resourceDirectory E:\Mymedecine\mymedicine-medeilcloud-hq-boot\medeil\src\test\resources
2022-04-22 13:07:07,960 [Worker-48: Building] INFO  o.e.m.c.i.embedder.EclipseLogger - Using 'UTF-8' encoding to copy filtered resources.
2022-04-22 13:07:07,962 [Worker-48: Building] INFO  o.e.m.c.i.embedder.EclipseLogger - skip non existing resourceDirectory E:\Mymedecine\mymedicine-medeilcloud-hq-boot\medeil\..\Angular\dist
2022-04-22 13:07:07,968 [Worker-48: Building] INFO  o.e.m.c.i.embedder.EclipseLogger - Using 'UTF-8' encoding to copy filtered resources.
2022-04-22 13:07:07,969 [Worker-48: Building] INFO  o.e.m.c.i.embedder.EclipseLogger - Copying 1 resource
2022-04-22 13:07:07,975 [Worker-48: Building] INFO  o.e.m.c.i.embedder.EclipseLogger - Copying 2 resources
2022-04-22 13:07:07,980 [Worker-48: Building] INFO  o.e.m.c.i.embedder.EclipseLogger - Using 'UTF-8' encoding to copy filtered resources.
2022-04-22 13:07:07,980 [Worker-48: Building] INFO  o.e.m.c.i.embedder.EclipseLogger - skip non existing resourceDirectory E:\Mymedecine\mymedicine-medeilcloud-hq-boot\medeil\src\test\resources
2022-04-22 13:38:05,040 [Worker-52: Building] INFO  o.e.m.c.i.embedder.EclipseLogger - Using 'UTF-8' encoding to copy filtered resources.
2022-04-22 13:38:05,041 [Worker-52: Building] INFO  o.e.m.c.i.embedder.EclipseLogger - skip non existing resourceDirectory E:\Mymedecine\mymedicine-medeilcloud-hq-boot\medeil\..\Angular\dist
2022-04-22 13:38:05,045 [Worker-52: Building] INFO  o.e.m.c.i.embedder.EclipseLogger - Using 'UTF-8' encoding to copy filtered resources.
2022-04-22 13:38:05,046 [Worker-52: Building] INFO  o.e.m.c.i.embedder.EclipseLogger - Copying 1 resource
2022-04-22 13:38:05,049 [Worker-52: Building] INFO  o.e.m.c.i.embedder.EclipseLogger - Copying 2 resources
2022-04-22 13:38:05,054 [Worker-52: Building] INFO  o.e.m.c.i.embedder.EclipseLogger - Using 'UTF-8' encoding to copy filtered resources.
2022-04-22 13:38:05,055 [Worker-52: Building] INFO  o.e.m.c.i.embedder.EclipseLogger - skip non existing resourceDirectory E:\Mymedecine\mymedicine-medeilcloud-hq-boot\medeil\src\test\resources
2022-04-22 13:38:54,001 [Worker-57: Building] INFO  o.e.m.c.i.embedder.EclipseLogger - Using 'UTF-8' encoding to copy filtered resources.
2022-04-22 13:38:54,001 [Worker-57: Building] INFO  o.e.m.c.i.embedder.EclipseLogger - skip non existing resourceDirectory E:\Mymedecine\mymedicine-medeilcloud-hq-boot\medeil\..\Angular\dist
2022-04-22 13:38:54,004 [Worker-57: Building] INFO  o.e.m.c.i.embedder.EclipseLogger - Using 'UTF-8' encoding to copy filtered resources.
2022-04-22 13:38:54,005 [Worker-57: Building] INFO  o.e.m.c.i.embedder.EclipseLogger - Copying 1 resource
2022-04-22 13:38:54,008 [Worker-57: Building] INFO  o.e.m.c.i.embedder.EclipseLogger - Copying 2 resources
2022-04-22 13:38:54,011 [Worker-57: Building] INFO  o.e.m.c.i.embedder.EclipseLogger - Using 'UTF-8' encoding to copy filtered resources.
2022-04-22 13:38:54,012 [Worker-57: Building] INFO  o.e.m.c.i.embedder.EclipseLogger - skip non existing resourceDirectory E:\Mymedecine\mymedicine-medeilcloud-hq-boot\medeil\src\test\resources
2022-04-22 13:38:58,267 [Worker-52: Building] INFO  o.e.m.c.i.embedder.EclipseLogger - Using 'UTF-8' encoding to copy filtered resources.
2022-04-22 13:38:58,268 [Worker-52: Building] INFO  o.e.m.c.i.embedder.EclipseLogger - skip non existing resourceDirectory E:\Mymedecine\mymedicine-medeilcloud-hq-boot\medeil\..\Angular\dist
2022-04-22 13:38:58,270 [Worker-52: Building] INFO  o.e.m.c.i.embedder.EclipseLogger - Using 'UTF-8' encoding to copy filtered resources.
2022-04-22 13:38:58,271 [Worker-52: Building] INFO  o.e.m.c.i.embedder.EclipseLogger - Copying 1 resource
2022-04-22 13:38:58,273 [Worker-52: Building] INFO  o.e.m.c.i.embedder.EclipseLogger - Copying 2 resources
2022-04-22 13:38:58,276 [Worker-52: Building] INFO  o.e.m.c.i.embedder.EclipseLogger - Using 'UTF-8' encoding to copy filtered resources.
2022-04-22 13:38:58,277 [Worker-52: Building] INFO  o.e.m.c.i.embedder.EclipseLogger - skip non existing resourceDirectory E:\Mymedecine\mymedicine-medeilcloud-hq-boot\medeil\src\test\resources
2022-04-22 13:39:02,434 [Worker-51: Building] INFO  o.e.m.c.i.embedder.EclipseLogger - Using 'UTF-8' encoding to copy filtered resources.
2022-04-22 13:39:02,434 [Worker-51: Building] INFO  o.e.m.c.i.embedder.EclipseLogger - skip non existing resourceDirectory E:\Mymedecine\mymedicine-medeilcloud-hq-boot\medeil\..\Angular\dist
2022-04-22 13:39:02,437 [Worker-51: Building] INFO  o.e.m.c.i.embedder.EclipseLogger - Using 'UTF-8' encoding to copy filtered resources.
2022-04-22 13:39:02,438 [Worker-51: Building] INFO  o.e.m.c.i.embedder.EclipseLogger - Copying 1 resource
2022-04-22 13:39:02,444 [Worker-51: Building] INFO  o.e.m.c.i.embedder.EclipseLogger - Copying 2 resources
2022-04-22 13:39:02,455 [Worker-51: Building] INFO  o.e.m.c.i.embedder.EclipseLogger - Using 'UTF-8' encoding to copy filtered resources.
2022-04-22 13:39:02,455 [Worker-51: Building] INFO  o.e.m.c.i.embedder.EclipseLogger - skip non existing resourceDirectory E:\Mymedecine\mymedicine-medeilcloud-hq-boot\medeil\src\test\resources
2022-04-22 13:49:38,170 [Worker-62: Building] INFO  o.e.m.c.i.embedder.EclipseLogger - Using 'UTF-8' encoding to copy filtered resources.
2022-04-22 13:49:38,171 [Worker-62: Building] INFO  o.e.m.c.i.embedder.EclipseLogger - skip non existing resourceDirectory E:\Mymedecine\mymedicine-medeilcloud-hq-boot\medeil\..\Angular\dist
2022-04-22 13:49:38,174 [Worker-62: Building] INFO  o.e.m.c.i.embedder.EclipseLogger - Using 'UTF-8' encoding to copy filtered resources.
2022-04-22 13:49:38,175 [Worker-62: Building] INFO  o.e.m.c.i.embedder.EclipseLogger - Copying 1 resource
2022-04-22 13:49:38,178 [Worker-62: Building] INFO  o.e.m.c.i.embedder.EclipseLogger - Copying 2 resources
2022-04-22 13:49:38,181 [Worker-62: Building] INFO  o.e.m.c.i.embedder.EclipseLogger - Using 'UTF-8' encoding to copy filtered resources.
2022-04-22 13:49:38,182 [Worker-62: Building] INFO  o.e.m.c.i.embedder.EclipseLogger - skip non existing resourceDirectory E:\Mymedecine\mymedicine-medeilcloud-hq-boot\medeil\src\test\resources
2022-04-22 13:55:04,907 [Worker-58: Building] INFO  o.e.m.c.i.embedder.EclipseLogger - Using 'UTF-8' encoding to copy filtered resources.
2022-04-22 13:55:04,907 [Worker-58: Building] INFO  o.e.m.c.i.embedder.EclipseLogger - skip non existing resourceDirectory E:\Mymedecine\mymedicine-medeilcloud-hq-boot\medeil\..\Angular\dist
2022-04-22 13:55:04,911 [Worker-58: Building] INFO  o.e.m.c.i.embedder.EclipseLogger - Using 'UTF-8' encoding to copy filtered resources.
2022-04-22 13:55:04,912 [Worker-58: Building] INFO  o.e.m.c.i.embedder.EclipseLogger - Copying 1 resource
2022-04-22 13:55:04,915 [Worker-58: Building] INFO  o.e.m.c.i.embedder.EclipseLogger - Copying 2 resources
2022-04-22 13:55:04,919 [Worker-58: Building] INFO  o.e.m.c.i.embedder.EclipseLogger - Using 'UTF-8' encoding to copy filtered resources.
2022-04-22 13:55:04,919 [Worker-58: Building] INFO  o.e.m.c.i.embedder.EclipseLogger - skip non existing resourceDirectory E:\Mymedecine\mymedicine-medeilcloud-hq-boot\medeil\src\test\resources
2022-04-22 14:26:49,388 [Worker-67: Building] INFO  o.e.m.c.i.embedder.EclipseLogger - Using 'UTF-8' encoding to copy filtered resources.
2022-04-22 14:26:49,389 [Worker-67: Building] INFO  o.e.m.c.i.embedder.EclipseLogger - skip non existing resourceDirectory E:\Mymedecine\mymedicine-medeilcloud-hq-boot\medeil\..\Angular\dist
2022-04-22 14:26:49,392 [Worker-67: Building] INFO  o.e.m.c.i.embedder.EclipseLogger - Using 'UTF-8' encoding to copy filtered resources.
2022-04-22 14:26:49,394 [Worker-67: Building] INFO  o.e.m.c.i.embedder.EclipseLogger - Copying 1 resource
2022-04-22 14:26:49,398 [Worker-67: Building] INFO  o.e.m.c.i.embedder.EclipseLogger - Copying 2 resources
2022-04-22 14:26:49,402 [Worker-67: Building] INFO  o.e.m.c.i.embedder.EclipseLogger - Using 'UTF-8' encoding to copy filtered resources.
2022-04-22 14:26:49,402 [Worker-67: Building] INFO  o.e.m.c.i.embedder.EclipseLogger - skip non existing resourceDirectory E:\Mymedecine\mymedicine-medeilcloud-hq-boot\medeil\src\test\resources
2022-04-22 14:40:33,571 [Worker-70: Building] INFO  o.e.m.c.i.embedder.EclipseLogger - Using 'UTF-8' encoding to copy filtered resources.
2022-04-22 14:40:33,571 [Worker-70: Building] INFO  o.e.m.c.i.embedder.EclipseLogger - skip non existing resourceDirectory E:\Mymedecine\mymedicine-medeilcloud-hq-boot\medeil\..\Angular\dist
2022-04-22 14:40:33,575 [Worker-70: Building] INFO  o.e.m.c.i.embedder.EclipseLogger - Using 'UTF-8' encoding to copy filtered resources.
2022-04-22 14:40:33,575 [Worker-70: Building] INFO  o.e.m.c.i.embedder.EclipseLogger - Copying 1 resource
2022-04-22 14:40:33,579 [Worker-70: Building] INFO  o.e.m.c.i.embedder.EclipseLogger - Copying 2 resources
2022-04-22 14:40:33,583 [Worker-70: Building] INFO  o.e.m.c.i.embedder.EclipseLogger - Using 'UTF-8' encoding to copy filtered resources.
2022-04-22 14:40:33,584 [Worker-70: Building] INFO  o.e.m.c.i.embedder.EclipseLogger - skip non existing resourceDirectory E:\Mymedecine\mymedicine-medeilcloud-hq-boot\medeil\src\test\resources
2022-04-22 14:40:54,848 [Worker-71: Launching medeil - MedApplication] INFO  o.e.m.c.i.embedder.EclipseLogger - Using 'UTF-8' encoding to copy filtered resources.
2022-04-22 14:40:54,848 [Worker-71: Launching medeil - MedApplication] INFO  o.e.m.c.i.embedder.EclipseLogger - skip non existing resourceDirectory E:\Mymedecine\mymedicine-medeilcloud-hq-boot\medeil\..\Angular\dist
2022-04-22 14:40:54,852 [Worker-71: Launching medeil - MedApplication] INFO  o.e.m.c.i.embedder.EclipseLogger - Using 'UTF-8' encoding to copy filtered resources.
2022-04-22 14:40:54,853 [Worker-71: Launching medeil - MedApplication] INFO  o.e.m.c.i.embedder.EclipseLogger - Copying 1 resource
2022-04-22 14:40:54,857 [Worker-71: Launching medeil - MedApplication] INFO  o.e.m.c.i.embedder.EclipseLogger - Copying 2 resources
2022-04-22 14:40:54,862 [Worker-71: Launching medeil - MedApplication] INFO  o.e.m.c.i.embedder.EclipseLogger - Using 'UTF-8' encoding to copy filtered resources.
2022-04-22 14:40:54,862 [Worker-71: Launching medeil - MedApplication] INFO  o.e.m.c.i.embedder.EclipseLogger - skip non existing resourceDirectory E:\Mymedecine\mymedicine-medeilcloud-hq-boot\medeil\src\test\resources
2022-04-22 14:45:19,327 [Worker-69: Launching medeil - MedApplication] INFO  o.e.m.c.i.embedder.EclipseLogger - Using 'UTF-8' encoding to copy filtered resources.
2022-04-22 14:45:19,327 [Worker-69: Launching medeil - MedApplication] INFO  o.e.m.c.i.embedder.EclipseLogger - skip non existing resourceDirectory E:\Mymedecine\mymedicine-medeilcloud-hq-boot\medeil\..\Angular\dist
2022-04-22 14:45:19,330 [Worker-69: Launching medeil - MedApplication] INFO  o.e.m.c.i.embedder.EclipseLogger - Using 'UTF-8' encoding to copy filtered resources.
2022-04-22 14:45:19,331 [Worker-69: Launching medeil - MedApplication] INFO  o.e.m.c.i.embedder.EclipseLogger - Copying 1 resource
2022-04-22 14:45:19,334 [Worker-69: Launching medeil - MedApplication] INFO  o.e.m.c.i.embedder.EclipseLogger - Copying 2 resources
2022-04-22 14:45:19,338 [Worker-69: Launching medeil - MedApplication] INFO  o.e.m.c.i.embedder.EclipseLogger - Using 'UTF-8' encoding to copy filtered resources.
2022-04-22 14:45:19,338 [Worker-69: Launching medeil - MedApplication] INFO  o.e.m.c.i.embedder.EclipseLogger - skip non existing resourceDirectory E:\Mymedecine\mymedicine-medeilcloud-hq-boot\medeil\src\test\resources
2022-04-22 15:22:09,971 [Worker-84: Launching medeil - MedApplication] INFO  o.e.m.c.i.embedder.EclipseLogger - Using 'UTF-8' encoding to copy filtered resources.
2022-04-22 15:22:09,972 [Worker-84: Launching medeil - MedApplication] INFO  o.e.m.c.i.embedder.EclipseLogger - skip non existing resourceDirectory E:\Mymedecine\mymedicine-medeilcloud-hq-boot\medeil\..\Angular\dist
2022-04-22 15:22:09,976 [Worker-84: Launching medeil - MedApplication] INFO  o.e.m.c.i.embedder.EclipseLogger - Using 'UTF-8' encoding to copy filtered resources.
2022-04-22 15:22:09,977 [Worker-84: Launching medeil - MedApplication] INFO  o.e.m.c.i.embedder.EclipseLogger - Copying 1 resource
2022-04-22 15:22:09,982 [Worker-84: Launching medeil - MedApplication] INFO  o.e.m.c.i.embedder.EclipseLogger - Copying 2 resources
2022-04-22 15:22:09,986 [Worker-84: Launching medeil - MedApplication] INFO  o.e.m.c.i.embedder.EclipseLogger - Using 'UTF-8' encoding to copy filtered resources.
2022-04-22 15:22:09,986 [Worker-84: Launching medeil - MedApplication] INFO  o.e.m.c.i.embedder.EclipseLogger - skip non existing resourceDirectory E:\Mymedecine\mymedicine-medeilcloud-hq-boot\medeil\src\test\resources
2022-04-22 15:28:57,037 [Worker-84: Building] INFO  o.e.m.c.i.embedder.EclipseLogger - Using 'UTF-8' encoding to copy filtered resources.
2022-04-22 15:28:57,038 [Worker-84: Building] INFO  o.e.m.c.i.embedder.EclipseLogger - skip non existing resourceDirectory E:\Mymedecine\mymedicine-medeilcloud-hq-boot\medeil\..\Angular\dist
2022-04-22 15:28:57,042 [Worker-84: Building] INFO  o.e.m.c.i.embedder.EclipseLogger - Using 'UTF-8' encoding to copy filtered resources.
2022-04-22 15:28:57,043 [Worker-84: Building] INFO  o.e.m.c.i.embedder.EclipseLogger - Copying 1 resource
2022-04-22 15:28:57,045 [Worker-84: Building] INFO  o.e.m.c.i.embedder.EclipseLogger - Copying 2 resources
2022-04-22 15:28:57,048 [Worker-84: Building] INFO  o.e.m.c.i.embedder.EclipseLogger - Using 'UTF-8' encoding to copy filtered resources.
2022-04-22 15:28:57,048 [Worker-84: Building] INFO  o.e.m.c.i.embedder.EclipseLogger - skip non existing resourceDirectory E:\Mymedecine\mymedicine-medeilcloud-hq-boot\medeil\src\test\resources
2022-04-22 15:29:09,954 [Worker-92: Launching medeil - MedApplication] INFO  o.e.m.c.i.embedder.EclipseLogger - Using 'UTF-8' encoding to copy filtered resources.
2022-04-22 15:29:09,954 [Worker-92: Launching medeil - MedApplication] INFO  o.e.m.c.i.embedder.EclipseLogger - skip non existing resourceDirectory E:\Mymedecine\mymedicine-medeilcloud-hq-boot\medeil\..\Angular\dist
2022-04-22 15:29:09,956 [Worker-92: Launching medeil - MedApplication] INFO  o.e.m.c.i.embedder.EclipseLogger - Using 'UTF-8' encoding to copy filtered resources.
2022-04-22 15:29:09,957 [Worker-92: Launching medeil - MedApplication] INFO  o.e.m.c.i.embedder.EclipseLogger - Copying 1 resource
2022-04-22 15:29:09,960 [Worker-92: Launching medeil - MedApplication] INFO  o.e.m.c.i.embedder.EclipseLogger - Copying 2 resources
2022-04-22 15:29:09,965 [Worker-92: Launching medeil - MedApplication] INFO  o.e.m.c.i.embedder.EclipseLogger - Using 'UTF-8' encoding to copy filtered resources.
2022-04-22 15:29:09,965 [Worker-92: Launching medeil - MedApplication] INFO  o.e.m.c.i.embedder.EclipseLogger - skip non existing resourceDirectory E:\Mymedecine\mymedicine-medeilcloud-hq-boot\medeil\src\test\resources
2022-04-22 15:31:47,978 [Worker-89: Building] INFO  o.e.m.c.i.embedder.EclipseLogger - Using 'UTF-8' encoding to copy filtered resources.
2022-04-22 15:31:47,979 [Worker-89: Building] INFO  o.e.m.c.i.embedder.EclipseLogger - skip non existing resourceDirectory E:\Mymedecine\mymedicine-medeilcloud-hq-boot\medeil\..\Angular\dist
2022-04-22 15:31:47,982 [Worker-89: Building] INFO  o.e.m.c.i.embedder.EclipseLogger - Using 'UTF-8' encoding to copy filtered resources.
2022-04-22 15:31:47,982 [Worker-89: Building] INFO  o.e.m.c.i.embedder.EclipseLogger - Copying 1 resource
2022-04-22 15:31:47,985 [Worker-89: Building] INFO  o.e.m.c.i.embedder.EclipseLogger - Copying 2 resources
2022-04-22 15:31:47,988 [Worker-89: Building] INFO  o.e.m.c.i.embedder.EclipseLogger - Using 'UTF-8' encoding to copy filtered resources.
2022-04-22 15:31:47,990 [Worker-89: Building] INFO  o.e.m.c.i.embedder.EclipseLogger - skip non existing resourceDirectory E:\Mymedecine\mymedicine-medeilcloud-hq-boot\medeil\src\test\resources
2022-04-22 15:44:38,799 [Worker-96: Launching medeil - MedApplication] INFO  o.e.m.c.i.embedder.EclipseLogger - Using 'UTF-8' encoding to copy filtered resources.
2022-04-22 15:44:38,817 [Worker-96: Launching medeil - MedApplication] INFO  o.e.m.c.i.embedder.EclipseLogger - skip non existing resourceDirectory E:\Mymedecine\mymedicine-medeilcloud-hq-boot\medeil\..\Angular\dist
2022-04-22 15:44:38,820 [Worker-96: Launching medeil - MedApplication] INFO  o.e.m.c.i.embedder.EclipseLogger - Using 'UTF-8' encoding to copy filtered resources.
2022-04-22 15:44:38,821 [Worker-96: Launching medeil - MedApplication] INFO  o.e.m.c.i.embedder.EclipseLogger - Copying 1 resource
2022-04-22 15:44:38,870 [Worker-96: Launching medeil - MedApplication] INFO  o.e.m.c.i.embedder.EclipseLogger - Copying 2 resources
2022-04-22 15:44:38,873 [Worker-96: Launching medeil - MedApplication] INFO  o.e.m.c.i.embedder.EclipseLogger - Using 'UTF-8' encoding to copy filtered resources.
2022-04-22 15:44:38,873 [Worker-96: Launching medeil - MedApplication] INFO  o.e.m.c.i.embedder.EclipseLogger - skip non existing resourceDirectory E:\Mymedecine\mymedicine-medeilcloud-hq-boot\medeil\src\test\resources
2022-04-22 15:49:05,442 [Worker-99: Launching medeil - MedApplication] INFO  o.e.m.c.i.embedder.EclipseLogger - Using 'UTF-8' encoding to copy filtered resources.
2022-04-22 15:49:05,443 [Worker-99: Launching medeil - MedApplication] INFO  o.e.m.c.i.embedder.EclipseLogger - skip non existing resourceDirectory E:\Mymedecine\mymedicine-medeilcloud-hq-boot\medeil\..\Angular\dist
2022-04-22 15:49:05,447 [Worker-99: Launching medeil - MedApplication] INFO  o.e.m.c.i.embedder.EclipseLogger - Using 'UTF-8' encoding to copy filtered resources.
2022-04-22 15:49:05,448 [Worker-99: Launching medeil - MedApplication] INFO  o.e.m.c.i.embedder.EclipseLogger - Copying 1 resource
2022-04-22 15:49:05,481 [Worker-99: Launching medeil - MedApplication] INFO  o.e.m.c.i.embedder.EclipseLogger - Copying 2 resources
2022-04-22 15:49:05,485 [Worker-99: Launching medeil - MedApplication] INFO  o.e.m.c.i.embedder.EclipseLogger - Using 'UTF-8' encoding to copy filtered resources.
2022-04-22 15:49:05,485 [Worker-99: Launching medeil - MedApplication] INFO  o.e.m.c.i.embedder.EclipseLogger - skip non existing resourceDirectory E:\Mymedecine\mymedicine-medeilcloud-hq-boot\medeil\src\test\resources
2022-04-22 15:57:54,346 [Worker-97: Launching medeil - MedApplication] INFO  o.e.m.c.i.embedder.EclipseLogger - Using 'UTF-8' encoding to copy filtered resources.
2022-04-22 15:57:54,347 [Worker-97: Launching medeil - MedApplication] INFO  o.e.m.c.i.embedder.EclipseLogger - skip non existing resourceDirectory E:\Mymedecine\mymedicine-medeilcloud-hq-boot\medeil\..\Angular\dist
2022-04-22 15:57:54,349 [Worker-97: Launching medeil - MedApplication] INFO  o.e.m.c.i.embedder.EclipseLogger - Using 'UTF-8' encoding to copy filtered resources.
2022-04-22 15:57:54,351 [Worker-97: Launching medeil - MedApplication] INFO  o.e.m.c.i.embedder.EclipseLogger - Copying 1 resource
2022-04-22 15:57:54,354 [Worker-97: Launching medeil - MedApplication] INFO  o.e.m.c.i.embedder.EclipseLogger - Copying 2 resources
2022-04-22 15:57:54,356 [Worker-97: Launching medeil - MedApplication] INFO  o.e.m.c.i.embedder.EclipseLogger - Using 'UTF-8' encoding to copy filtered resources.
2022-04-22 15:57:54,356 [Worker-97: Launching medeil - MedApplication] INFO  o.e.m.c.i.embedder.EclipseLogger - skip non existing resourceDirectory E:\Mymedecine\mymedicine-medeilcloud-hq-boot\medeil\src\test\resources
2022-04-22 16:12:04,757 [Worker-107: Building] INFO  o.e.m.c.i.embedder.EclipseLogger - Using 'UTF-8' encoding to copy filtered resources.
2022-04-22 16:12:04,758 [Worker-107: Building] INFO  o.e.m.c.i.embedder.EclipseLogger - skip non existing resourceDirectory E:\Mymedecine\mymedicine-medeilcloud-hq-boot\medeil\..\Angular\dist
2022-04-22 16:12:04,760 [Worker-107: Building] INFO  o.e.m.c.i.embedder.EclipseLogger - Using 'UTF-8' encoding to copy filtered resources.
2022-04-22 16:12:04,761 [Worker-107: Building] INFO  o.e.m.c.i.embedder.EclipseLogger - Copying 1 resource
2022-04-22 16:12:04,763 [Worker-107: Building] INFO  o.e.m.c.i.embedder.EclipseLogger - Copying 2 resources
2022-04-22 16:12:04,765 [Worker-107: Building] INFO  o.e.m.c.i.embedder.EclipseLogger - Using 'UTF-8' encoding to copy filtered resources.
2022-04-22 16:12:04,765 [Worker-107: Building] INFO  o.e.m.c.i.embedder.EclipseLogger - skip non existing resourceDirectory E:\Mymedecine\mymedicine-medeilcloud-hq-boot\medeil\src\test\resources
2022-04-22 16:12:20,458 [Worker-109: Launching medeil - MedApplication] INFO  o.e.m.c.i.embedder.EclipseLogger - Using 'UTF-8' encoding to copy filtered resources.
2022-04-22 16:12:20,458 [Worker-109: Launching medeil - MedApplication] INFO  o.e.m.c.i.embedder.EclipseLogger - skip non existing resourceDirectory E:\Mymedecine\mymedicine-medeilcloud-hq-boot\medeil\..\Angular\dist
2022-04-22 16:12:20,461 [Worker-109: Launching medeil - MedApplication] INFO  o.e.m.c.i.embedder.EclipseLogger - Using 'UTF-8' encoding to copy filtered resources.
2022-04-22 16:12:20,462 [Worker-109: Launching medeil - MedApplication] INFO  o.e.m.c.i.embedder.EclipseLogger - Copying 1 resource
2022-04-22 16:12:20,464 [Worker-109: Launching medeil - MedApplication] INFO  o.e.m.c.i.embedder.EclipseLogger - Copying 2 resources
2022-04-22 16:12:20,467 [Worker-109: Launching medeil - MedApplication] INFO  o.e.m.c.i.embedder.EclipseLogger - Using 'UTF-8' encoding to copy filtered resources.
2022-04-22 16:12:20,467 [Worker-109: Launching medeil - MedApplication] INFO  o.e.m.c.i.embedder.EclipseLogger - skip non existing resourceDirectory E:\Mymedecine\mymedicine-medeilcloud-hq-boot\medeil\src\test\resources
2022-04-22 16:14:16,458 [Worker-106: Launching medeil - MedApplication] INFO  o.e.m.c.i.embedder.EclipseLogger - Using 'UTF-8' encoding to copy filtered resources.
2022-04-22 16:14:16,458 [Worker-106: Launching medeil - MedApplication] INFO  o.e.m.c.i.embedder.EclipseLogger - skip non existing resourceDirectory E:\Mymedecine\mymedicine-medeilcloud-hq-boot\medeil\..\Angular\dist
2022-04-22 16:14:16,460 [Worker-106: Launching medeil - MedApplication] INFO  o.e.m.c.i.embedder.EclipseLogger - Using 'UTF-8' encoding to copy filtered resources.
2022-04-22 16:14:16,461 [Worker-106: Launching medeil - MedApplication] INFO  o.e.m.c.i.embedder.EclipseLogger - Copying 1 resource
2022-04-22 16:14:16,464 [Worker-106: Launching medeil - MedApplication] INFO  o.e.m.c.i.embedder.EclipseLogger - Copying 2 resources
2022-04-22 16:14:16,468 [Worker-106: Launching medeil - MedApplication] INFO  o.e.m.c.i.embedder.EclipseLogger - Using 'UTF-8' encoding to copy filtered resources.
2022-04-22 16:14:16,468 [Worker-106: Launching medeil - MedApplication] INFO  o.e.m.c.i.embedder.EclipseLogger - skip non existing resourceDirectory E:\Mymedecine\mymedicine-medeilcloud-hq-boot\medeil\src\test\resources
2022-04-22 16:15:07,223 [Worker-109: Building] INFO  o.e.m.c.i.embedder.EclipseLogger - Using 'UTF-8' encoding to copy filtered resources.
2022-04-22 16:15:07,224 [Worker-109: Building] INFO  o.e.m.c.i.embedder.EclipseLogger - skip non existing resourceDirectory E:\Mymedecine\mymedicine-medeilcloud-hq-boot\medeil\..\Angular\dist
2022-04-22 16:15:07,226 [Worker-109: Building] INFO  o.e.m.c.i.embedder.EclipseLogger - Using 'UTF-8' encoding to copy filtered resources.
2022-04-22 16:15:07,227 [Worker-109: Building] INFO  o.e.m.c.i.embedder.EclipseLogger - Copying 1 resource
2022-04-22 16:15:07,228 [Worker-109: Building] INFO  o.e.m.c.i.embedder.EclipseLogger - Copying 2 resources
2022-04-22 16:15:07,236 [Worker-109: Building] INFO  o.e.m.c.i.embedder.EclipseLogger - Using 'UTF-8' encoding to copy filtered resources.
2022-04-22 16:15:07,236 [Worker-109: Building] INFO  o.e.m.c.i.embedder.EclipseLogger - skip non existing resourceDirectory E:\Mymedecine\mymedicine-medeilcloud-hq-boot\medeil\src\test\resources
2022-04-22 16:16:36,874 [Worker-97: Launching medeil - MedApplication] INFO  o.e.m.c.i.embedder.EclipseLogger - Using 'UTF-8' encoding to copy filtered resources.
2022-04-22 16:16:36,875 [Worker-97: Launching medeil - MedApplication] INFO  o.e.m.c.i.embedder.EclipseLogger - skip non existing resourceDirectory E:\Mymedecine\mymedicine-medeilcloud-hq-boot\medeil\..\Angular\dist
2022-04-22 16:16:36,881 [Worker-97: Launching medeil - MedApplication] INFO  o.e.m.c.i.embedder.EclipseLogger - Using 'UTF-8' encoding to copy filtered resources.
2022-04-22 16:16:36,882 [Worker-97: Launching medeil - MedApplication] INFO  o.e.m.c.i.embedder.EclipseLogger - Copying 1 resource
2022-04-22 16:16:36,885 [Worker-97: Launching medeil - MedApplication] INFO  o.e.m.c.i.embedder.EclipseLogger - Copying 2 resources
2022-04-22 16:16:36,889 [Worker-97: Launching medeil - MedApplication] INFO  o.e.m.c.i.embedder.EclipseLogger - Using 'UTF-8' encoding to copy filtered resources.
2022-04-22 16:16:36,889 [Worker-97: Launching medeil - MedApplication] INFO  o.e.m.c.i.embedder.EclipseLogger - skip non existing resourceDirectory E:\Mymedecine\mymedicine-medeilcloud-hq-boot\medeil\src\test\resources
2022-04-22 16:23:43,113 [Worker-106: Building] INFO  o.e.m.c.i.embedder.EclipseLogger - Using 'UTF-8' encoding to copy filtered resources.
2022-04-22 16:23:43,113 [Worker-106: Building] INFO  o.e.m.c.i.embedder.EclipseLogger - skip non existing resourceDirectory E:\Mymedecine\mymedicine-medeilcloud-hq-boot\medeil\..\Angular\dist
2022-04-22 16:23:43,116 [Worker-106: Building] INFO  o.e.m.c.i.embedder.EclipseLogger - Using 'UTF-8' encoding to copy filtered resources.
2022-04-22 16:23:43,116 [Worker-106: Building] INFO  o.e.m.c.i.embedder.EclipseLogger - Copying 1 resource
2022-04-22 16:23:43,118 [Worker-106: Building] INFO  o.e.m.c.i.embedder.EclipseLogger - Copying 2 resources
2022-04-22 16:23:43,123 [Worker-106: Building] INFO  o.e.m.c.i.embedder.EclipseLogger - Using 'UTF-8' encoding to copy filtered resources.
2022-04-22 16:23:43,123 [Worker-106: Building] INFO  o.e.m.c.i.embedder.EclipseLogger - skip non existing resourceDirectory E:\Mymedecine\mymedicine-medeilcloud-hq-boot\medeil\src\test\resources
2022-04-22 16:36:53,649 [Worker-106: Launching medeil - MedApplication] INFO  o.e.m.c.i.embedder.EclipseLogger - Using 'UTF-8' encoding to copy filtered resources.
2022-04-22 16:36:53,649 [Worker-106: Launching medeil - MedApplication] INFO  o.e.m.c.i.embedder.EclipseLogger - skip non existing resourceDirectory E:\Mymedecine\mymedicine-medeilcloud-hq-boot\medeil\..\Angular\dist
2022-04-22 16:36:53,652 [Worker-106: Launching medeil - MedApplication] INFO  o.e.m.c.i.embedder.EclipseLogger - Using 'UTF-8' encoding to copy filtered resources.
2022-04-22 16:36:53,653 [Worker-106: Launching medeil - MedApplication] INFO  o.e.m.c.i.embedder.EclipseLogger - Copying 1 resource
2022-04-22 16:36:53,656 [Worker-106: Launching medeil - MedApplication] INFO  o.e.m.c.i.embedder.EclipseLogger - Copying 2 resources
2022-04-22 16:36:53,660 [Worker-106: Launching medeil - MedApplication] INFO  o.e.m.c.i.embedder.EclipseLogger - Using 'UTF-8' encoding to copy filtered resources.
2022-04-22 16:36:53,660 [Worker-106: Launching medeil - MedApplication] INFO  o.e.m.c.i.embedder.EclipseLogger - skip non existing resourceDirectory E:\Mymedecine\mymedicine-medeilcloud-hq-boot\medeil\src\test\resources
2022-04-22 16:39:24,503 [Worker-114: Launching medeil - MedApplication] INFO  o.e.m.c.i.embedder.EclipseLogger - Using 'UTF-8' encoding to copy filtered resources.
2022-04-22 16:39:24,503 [Worker-114: Launching medeil - MedApplication] INFO  o.e.m.c.i.embedder.EclipseLogger - skip non existing resourceDirectory E:\Mymedecine\mymedicine-medeilcloud-hq-boot\medeil\..\Angular\dist
2022-04-22 16:39:24,506 [Worker-114: Launching medeil - MedApplication] INFO  o.e.m.c.i.embedder.EclipseLogger - Using 'UTF-8' encoding to copy filtered resources.
2022-04-22 16:39:24,506 [Worker-114: Launching medeil - MedApplication] INFO  o.e.m.c.i.embedder.EclipseLogger - Copying 1 resource
2022-04-22 16:39:24,508 [Worker-114: Launching medeil - MedApplication] INFO  o.e.m.c.i.embedder.EclipseLogger - Copying 2 resources
2022-04-22 16:39:24,514 [Worker-114: Launching medeil - MedApplication] INFO  o.e.m.c.i.embedder.EclipseLogger - Using 'UTF-8' encoding to copy filtered resources.
2022-04-22 16:39:24,514 [Worker-114: Launching medeil - MedApplication] INFO  o.e.m.c.i.embedder.EclipseLogger - skip non existing resourceDirectory E:\Mymedecine\mymedicine-medeilcloud-hq-boot\medeil\src\test\resources
2022-04-22 16:50:35,302 [Worker-113: Building] INFO  o.e.m.c.i.embedder.EclipseLogger - Using 'UTF-8' encoding to copy filtered resources.
2022-04-22 16:50:35,303 [Worker-113: Building] INFO  o.e.m.c.i.embedder.EclipseLogger - skip non existing resourceDirectory E:\Mymedecine\mymedicine-medeilcloud-hq-boot\medeil\..\Angular\dist
2022-04-22 16:50:35,306 [Worker-113: Building] INFO  o.e.m.c.i.embedder.EclipseLogger - Using 'UTF-8' encoding to copy filtered resources.
2022-04-22 16:50:35,307 [Worker-113: Building] INFO  o.e.m.c.i.embedder.EclipseLogger - Copying 1 resource
2022-04-22 16:50:35,310 [Worker-113: Building] INFO  o.e.m.c.i.embedder.EclipseLogger - Copying 2 resources
2022-04-22 16:50:35,314 [Worker-113: Building] INFO  o.e.m.c.i.embedder.EclipseLogger - Using 'UTF-8' encoding to copy filtered resources.
2022-04-22 16:50:35,314 [Worker-113: Building] INFO  o.e.m.c.i.embedder.EclipseLogger - skip non existing resourceDirectory E:\Mymedecine\mymedicine-medeilcloud-hq-boot\medeil\src\test\resources
2022-04-22 16:50:44,218 [Worker-118: Launching medeil - MedApplication] INFO  o.e.m.c.i.embedder.EclipseLogger - Using 'UTF-8' encoding to copy filtered resources.
2022-04-22 16:50:44,219 [Worker-118: Launching medeil - MedApplication] INFO  o.e.m.c.i.embedder.EclipseLogger - skip non existing resourceDirectory E:\Mymedecine\mymedicine-medeilcloud-hq-boot\medeil\..\Angular\dist
2022-04-22 16:50:44,220 [Worker-118: Launching medeil - MedApplication] INFO  o.e.m.c.i.embedder.EclipseLogger - Using 'UTF-8' encoding to copy filtered resources.
2022-04-22 16:50:44,221 [Worker-118: Launching medeil - MedApplication] INFO  o.e.m.c.i.embedder.EclipseLogger - Copying 1 resource
2022-04-22 16:50:44,223 [Worker-118: Launching medeil - MedApplication] INFO  o.e.m.c.i.embedder.EclipseLogger - Copying 2 resources
2022-04-22 16:50:44,226 [Worker-118: Launching medeil - MedApplication] INFO  o.e.m.c.i.embedder.EclipseLogger - Using 'UTF-8' encoding to copy filtered resources.
2022-04-22 16:50:44,226 [Worker-118: Launching medeil - MedApplication] INFO  o.e.m.c.i.embedder.EclipseLogger - skip non existing resourceDirectory E:\Mymedecine\mymedicine-medeilcloud-hq-boot\medeil\src\test\resources
2022-04-22 16:53:37,316 [Worker-113: Launching medeil - MedApplication] INFO  o.e.m.c.i.embedder.EclipseLogger - Using 'UTF-8' encoding to copy filtered resources.
2022-04-22 16:53:37,317 [Worker-113: Launching medeil - MedApplication] INFO  o.e.m.c.i.embedder.EclipseLogger - skip non existing resourceDirectory E:\Mymedecine\mymedicine-medeilcloud-hq-boot\medeil\..\Angular\dist
2022-04-22 16:53:37,320 [Worker-113: Launching medeil - MedApplication] INFO  o.e.m.c.i.embedder.EclipseLogger - Using 'UTF-8' encoding to copy filtered resources.
2022-04-22 16:53:37,321 [Worker-113: Launching medeil - MedApplication] INFO  o.e.m.c.i.embedder.EclipseLogger - Copying 1 resource
2022-04-22 16:53:37,323 [Worker-113: Launching medeil - MedApplication] INFO  o.e.m.c.i.embedder.EclipseLogger - Copying 2 resources
2022-04-22 16:53:37,327 [Worker-113: Launching medeil - MedApplication] INFO  o.e.m.c.i.embedder.EclipseLogger - Using 'UTF-8' encoding to copy filtered resources.
2022-04-22 16:53:37,327 [Worker-113: Launching medeil - MedApplication] INFO  o.e.m.c.i.embedder.EclipseLogger - skip non existing resourceDirectory E:\Mymedecine\mymedicine-medeilcloud-hq-boot\medeil\src\test\resources
2022-04-22 17:04:59,372 [Worker-122: Launching medeil - MedApplication] INFO  o.e.m.c.i.embedder.EclipseLogger - Using 'UTF-8' encoding to copy filtered resources.
2022-04-22 17:04:59,372 [Worker-122: Launching medeil - MedApplication] INFO  o.e.m.c.i.embedder.EclipseLogger - skip non existing resourceDirectory E:\Mymedecine\mymedicine-medeilcloud-hq-boot\medeil\..\Angular\dist
2022-04-22 17:04:59,375 [Worker-122: Launching medeil - MedApplication] INFO  o.e.m.c.i.embedder.EclipseLogger - Using 'UTF-8' encoding to copy filtered resources.
2022-04-22 17:04:59,376 [Worker-122: Launching medeil - MedApplication] INFO  o.e.m.c.i.embedder.EclipseLogger - Copying 1 resource
2022-04-22 17:04:59,377 [Worker-122: Launching medeil - MedApplication] INFO  o.e.m.c.i.embedder.EclipseLogger - Copying 2 resources
2022-04-22 17:04:59,380 [Worker-122: Launching medeil - MedApplication] INFO  o.e.m.c.i.embedder.EclipseLogger - Using 'UTF-8' encoding to copy filtered resources.
2022-04-22 17:04:59,380 [Worker-122: Launching medeil - MedApplication] INFO  o.e.m.c.i.embedder.EclipseLogger - skip non existing resourceDirectory E:\Mymedecine\mymedicine-medeilcloud-hq-boot\medeil\src\test\resources
2022-04-25 14:41:58,456 [Worker-4: Check for devtools] WARN  o.e.m.c.i.embedder.EclipseLogger - The artifact org.apache.commons:commons-io:jar:1.3.2 has been relocated to commons-io:commons-io:jar:1.3.2
2022-04-26 14:53:28,487 [Worker-50: Building] WARN  o.e.m.c.i.embedder.EclipseLogger - The artifact org.apache.commons:commons-io:jar:1.3.2 has been relocated to commons-io:commons-io:jar:1.3.2
2022-04-26 14:53:40,368 [Worker-51: Update Maven projects configuration] INFO  o.e.m.c.i.p.ProjectConfigurationManager - Update started
2022-04-26 14:53:40,802 [Worker-51: Update Maven projects configuration] WARN  o.e.m.c.i.markers.MarkerUtils - Could not find OSGI service for org.eclipse.m2e.core.internal.markers.IEditorMarkerService
2022-04-26 14:53:44,251 [Worker-51: Update Maven projects configuration] INFO  o.e.m.c.i.l.LifecycleMappingFactory - Using org.eclipse.m2e.jdt.JarLifecycleMapping lifecycle mapping for MavenProject: com.medeil:MedeilBoot:0.0.1-SNAPSHOT @ E:\medeilpluscloud-boot\medeilpluscloud-medeilboot\pom.xml.
2022-04-26 14:53:45,466 [Worker-51: Update Maven projects configuration] WARN  o.e.m.c.i.embedder.EclipseLogger - The artifact org.apache.commons:commons-io:jar:1.3.2 has been relocated to commons-io:commons-io:jar:1.3.2
2022-04-26 14:53:59,733 [Worker-51: Update Maven projects configuration] INFO  o.e.m.j.i.AbstractJavaProjectConfigurator - Adding source folder /medeilpluscloud-medeilboot/src/main/java
2022-04-26 14:53:59,734 [Worker-51: Update Maven projects configuration] INFO  o.e.m.j.i.AbstractJavaProjectConfigurator - Adding resource folder /medeilpluscloud-medeilboot/src/main/resources
2022-04-26 14:53:59,780 [Worker-51: Update Maven projects configuration] INFO  o.e.m.j.i.AbstractJavaProjectConfigurator - Adding resource folder /medeilpluscloud-medeilboot/src/main/resources
2022-04-26 14:53:59,791 [Worker-51: Update Maven projects configuration] INFO  o.e.m.j.i.AbstractJavaProjectConfigurator - Adding source folder /medeilpluscloud-medeilboot/src/test/java
2022-04-26 14:54:09,830 [Worker-51: Update Maven projects configuration] INFO  o.e.m.c.i.p.ProjectConfigurationManager - Update completed: 29 sec
2022-04-26 14:54:11,137 [Worker-54: Building] WARN  o.e.m.c.i.embedder.EclipseLogger - The artifact org.apache.commons:commons-io:jar:1.3.2 has been relocated to commons-io:commons-io:jar:1.3.2
2022-04-26 14:54:11,308 [Worker-54: Building] INFO  o.e.m.c.i.embedder.EclipseLogger - Using 'UTF-8' encoding to copy filtered resources.
2022-04-26 14:54:11,308 [Worker-54: Building] INFO  o.e.m.c.i.embedder.EclipseLogger - skip non existing resourceDirectory E:\medeilpluscloud-boot\medeilpluscloud-medeilboot\..\Angular\dist
2022-04-26 14:54:11,312 [Worker-54: Building] INFO  o.e.m.c.i.embedder.EclipseLogger - Using 'UTF-8' encoding to copy filtered resources.
2022-04-26 14:54:11,319 [Worker-54: Building] INFO  o.e.m.c.i.embedder.EclipseLogger - Copying 1 resource
2022-04-26 14:54:11,356 [Worker-54: Building] INFO  o.e.m.c.i.embedder.EclipseLogger - Copying 2 resources
2022-04-26 14:54:11,398 [Worker-54: Building] INFO  o.e.m.c.i.embedder.EclipseLogger - Using 'UTF-8' encoding to copy filtered resources.
2022-04-26 14:54:11,398 [Worker-54: Building] INFO  o.e.m.c.i.embedder.EclipseLogger - skip non existing resourceDirectory E:\medeilpluscloud-boot\medeilpluscloud-medeilboot\src\test\resources
2022-04-26 14:55:31,072 [Start Help Server] INFO  org.eclipse.jetty.util.log - Logging initialized @18052295ms to org.eclipse.jetty.util.log.Slf4jLog
2022-04-26 14:55:31,692 [Start Help Server] INFO  org.eclipse.jetty.server.Server - jetty-9.4.27.v20200227; built: 2020-03-02T14:40:42.212Z; git: a304fd9f351f337e7c0e2a7c28878dd536149c6c; jvm 1.8.0_202-b08
2022-04-26 14:55:31,745 [Start Help Server] INFO  org.eclipse.jetty.server.session - DefaultSessionIdManager workerName=node0
2022-04-26 14:55:31,745 [Start Help Server] INFO  org.eclipse.jetty.server.session - No SessionScavenger set, using defaults
2022-04-26 14:55:31,747 [Start Help Server] INFO  org.eclipse.jetty.server.session - node0 Scavenging every 660000ms
2022-04-26 14:55:31,872 [Start Help Server] INFO  o.e.j.server.handler.ContextHandler - Started o.e.j.s.ServletContextHandler@f08cc4d{/help,null,AVAILABLE}
2022-04-26 14:55:31,934 [Start Help Server] INFO  o.e.jetty.server.AbstractConnector - Started ServerConnector@206dcf3f{HTTP/1.1, (http/1.1)}{127.0.0.1:57000}
2022-04-26 14:55:31,934 [Start Help Server] INFO  org.eclipse.jetty.server.Server - Started @18053157ms
2022-04-26 14:55:31,935 [Start Help Server] INFO  org.eclipse.jetty.server.session - node0 Scavenging every 660000ms
2022-04-26 18:40:59,257 [Framework stop - Equinox Container: ec972338-0741-45ef-a38f-e2c113c0cbc4] WARN  org.eclipse.jgit.lib.Repository - close() called when useCnt is already zero for Repository[E:\Mymedecine\mymedicine-medeilcloud-hq-boot\.git]
2022-04-26 18:40:59,376 [Stop Help Server] INFO  o.e.jetty.server.AbstractConnector - Stopped ServerConnector@206dcf3f{HTTP/1.1, (http/1.1)}{127.0.0.1:0}
2022-04-26 18:40:59,377 [Stop Help Server] INFO  org.eclipse.jetty.server.session - node0 Stopped scavenging
2022-04-26 18:40:59,414 [Stop Help Server] INFO  o.e.j.server.handler.ContextHandler - Stopped o.e.j.s.ServletContextHandler@f08cc4d{/help,null,UNAVAILABLE}
